<?xml version="1.0" encoding="UTF-8"?>
<testng-results skipped="0" failed="0" total="1" passed="1">
  <reporter-output>
  </reporter-output>
  <suite name="MGM Automation Suite" duration-ms="44271" started-at="2019-02-11T07:43:15Z" finished-at="2019-02-11T07:43:59Z">
    <groups>
      <group name="cucumber">
        <method signature="AbstractTestNGCucumberTests.feature(cucumber.api.testng.CucumberFeatureWrapper)[pri:0, instance:com.testRunners.Chrome_TestRunner@8bd1b6a]" name="feature" class="cucumber.api.testng.AbstractTestNGCucumberTests"/>
      </group> <!-- cucumber -->
    </groups>
    <test name="Chrome Test" duration-ms="44271" started-at="2019-02-11T07:43:15Z" finished-at="2019-02-11T07:43:59Z">
      <class name="com.testRunners.Chrome_TestRunner">
        <test-method status="PASS" signature="setUpClass()[pri:0, instance:com.testRunners.Chrome_TestRunner@8bd1b6a]" name="setUpClass" is-config="true" duration-ms="190" started-at="2019-02-11T13:13:15Z" finished-at="2019-02-11T13:13:15Z">
          <reporter-output>
          </reporter-output>
        </test-method> <!-- setUpClass -->
        <test-method status="PASS" signature="setBrowserValue(java.lang.String)[pri:0, instance:com.testRunners.Chrome_TestRunner@8bd1b6a]" name="setBrowserValue" is-config="true" duration-ms="2" started-at="2019-02-11T13:13:15Z" finished-at="2019-02-11T13:13:15Z">
          <params>
            <param index="0">
              <value>
                <![CDATA[Chrome]]>
              </value>
            </param>
          </params>
          <reporter-output>
          </reporter-output>
        </test-method> <!-- setBrowserValue -->
        <test-method status="PASS" signature="feature(cucumber.api.testng.CucumberFeatureWrapper)[pri:0, instance:com.testRunners.Chrome_TestRunner@8bd1b6a]" name="feature" duration-ms="43988" started-at="2019-02-11T13:13:15Z" description="Runs Cucumber Feature" data-provider="features" finished-at="2019-02-11T13:13:59Z">
          <params>
            <param index="0">
              <value>
                <![CDATA[Demo Assignment]]>
              </value>
            </param>
          </params>
          <reporter-output>
          </reporter-output>
        </test-method> <!-- feature -->
        <test-method status="PASS" signature="tearDownClass()[pri:0, instance:com.testRunners.Chrome_TestRunner@8bd1b6a]" name="tearDownClass" is-config="true" duration-ms="15" started-at="2019-02-11T13:13:59Z" finished-at="2019-02-11T13:13:59Z">
          <reporter-output>
          </reporter-output>
        </test-method> <!-- tearDownClass -->
      </class> <!-- com.testRunners.Chrome_TestRunner -->
    </test> <!-- Chrome Test -->
  </suite> <!-- MGM Automation Suite -->
</testng-results>
