<?xml version="1.0" encoding="UTF-8"?>
<testng-results skipped="0" failed="0" ignored="0" total="0" passed="0">
  <reporter-output>
  </reporter-output>
  <suite name="MGM Automation Suite" duration-ms="0" started-at="2019-11-29T21:09:40 IST" finished-at="2019-11-29T21:09:40 IST">
    <groups>
      <group name="cucumber">
        <method signature="AbstractTestNGCucumberTests.feature(cucumber.api.testng.CucumberFeatureWrapper)[pri:0, instance:com.testRunners.Chrome_TestRunner@473b46c3]" name="feature" class="cucumber.api.testng.AbstractTestNGCucumberTests"/>
      </group> <!-- cucumber -->
    </groups>
  </suite> <!-- MGM Automation Suite -->
</testng-results>
